2025-04-06 20:52:30,444 - HEC-RAS Controller initialized.
2025-04-06 20:52:30,998 - Project 'D:\FLOWS\New folder\FLOWS-Website\hecras\flow.prj' opened.
2025-04-06 21:06:58,091 - HEC-RAS Controller initialized.
2025-04-06 21:07:14,423 - Project 'D:\FLOWS\New folder\FLOWS-Website\hecras\flow.prj' opened.
2025-04-06 21:16:36,545 - HEC-RAS Controller initialized.
2025-04-06 21:16:47,179 - Project 'D:\FLOWS\New folder\FLOWS-Website\hecras\flow.prj' opened.
2025-04-06 21:21:42,790 - HEC-RAS Controller initialized.
2025-04-06 21:21:43,370 - Project 'D:\FLOWS\New folder\FLOWS-Website\hecras\flow.prj' opened.
2025-04-06 21:28:48,236 - HEC-RAS Controller initialized.
2025-04-06 21:28:48,801 - Project 'D:\FLOWS\New folder\FLOWS-Website\hecras\flow.prj' opened.
2025-04-06 21:29:19,056 - HEC-RAS Controller initialized.
2025-04-06 21:29:27,706 - Project 'D:\FLOWS\New folder\FLOWS-Website\hecras\flow.prj' opened.
2025-04-06 21:29:57,954 - HEC-RAS Controller initialized.
2025-04-06 21:29:58,526 - Project 'D:\FLOWS\New folder\FLOWS-Website\hecras\flow.prj' opened.
2025-04-06 21:35:57,832 - HEC-RAS Controller initialized.
2025-04-06 21:35:58,414 - Project 'D:\FLOWS\New folder\FLOWS-Website\hecras\flow.prj' opened.
2025-04-06 21:36:36,822 - HEC-RAS Controller initialized.
2025-04-06 21:36:43,007 - Project 'D:\FLOWS\New folder\FLOWS-Website\hecras\flow.prj' opened.
2025-04-06 21:40:13,813 - HEC-RAS Controller initialized.
2025-04-06 21:40:14,399 - Project 'D:\FLOWS\New folder\FLOWS-Website\hecras\flow.prj' opened.
2025-04-06 21:49:51,488 - HEC-RAS Controller initialized.
2025-04-06 21:49:57,723 - Project 'D:\FLOWS\New folder\FLOWS-Website\hecras\flow.prj' opened.
2025-04-10 02:09:23,030 - HEC-RAS Controller initialized.
2025-04-10 02:09:24,062 - Project 'D:\FLOWS\New folder\FLOWS-Website\hecras\flow.prj' opened.
2025-04-10 02:09:47,646 - HEC-RAS Controller initialized.
2025-04-10 02:10:14,526 - Project 'D:\FLOWS\New folder\FLOWS-Website\hecras\flow.prj' opened.
2025-04-10 02:14:15,855 - HEC-RAS Controller initialized.
2025-04-10 02:14:21,667 - Project 'D:\FLOWS\New folder\FLOWS-Website\hecras\flow.prj' opened.
2025-04-10 02:16:24,055 - HEC-RAS Controller initialized.
2025-04-10 02:16:48,022 - Project 'D:\FLOWS\New folder\FLOWS-Website\hecras\flow.prj' opened.
2025-04-10 02:22:45,805 - HEC-RAS Controller initialized.
2025-04-10 02:22:51,364 - Project 'D:\FLOWS\New folder\FLOWS-Website\hecras\flow.prj' opened.
2025-04-10 02:22:51,366 - \u2705 Unsteady flow file updated successfully.
2025-04-10 02:22:51,369 - Stage Hydrograph= 12
2025-04-10 02:22:51,369 - Stage Values: 100.953     101.043     101.075     100.944     100.774     100.602     100.444     100.337     100.398     100.587     100.779     100.984
2025-04-15 00:30:28,778 - HEC-RAS Controller initialized.
2025-04-15 00:30:29,587 - Project 'D:\FLOWS\New folder\FLOWS-Website\hecras\flow.prj' opened.
2025-04-15 00:30:29,589 - \u2705 Unsteady flow file updated successfully.
2025-04-15 00:30:29,589 - Stage Hydrograph= 12
2025-04-15 00:30:29,589 - Formatted Values:
  101       101       101       101       101       101       100       100       100       101
  101       101
2025-04-15 00:32:02,547 - HEC-RAS Controller initialized.
2025-04-15 00:32:03,111 - Project 'D:\FLOWS\New folder\FLOWS-Website\hecras\flow.prj' opened.
2025-04-15 00:32:03,113 - \u2705 Unsteady flow file updated successfully.
2025-04-15 00:32:03,113 - Stage Hydrograph= 12
2025-04-15 00:32:03,113 - Formatted Values:
  121       121       121       121       121       121       120       120       120       121
  121       121
2025-04-15 00:34:00,957 - HEC-RAS Controller initialized.
2025-04-15 00:34:01,507 - Project 'D:\FLOWS\New folder\FLOWS-Website\hecras\flow.prj' opened.
2025-04-15 00:34:01,509 - \u2705 Unsteady flow file updated successfully.
2025-04-15 00:34:01,509 - Stage Hydrograph= 12
2025-04-15 00:34:01,509 - Formatted Values:
  120       121       121       120       120       120       120       120       120       120
  120       120
2025-04-15 00:42:24,574 - HEC-RAS Controller initialized.
2025-04-15 00:42:25,128 - Project 'D:\FLOWS\New folder\FLOWS-Website\hecras\flow.prj' opened.
2025-04-15 00:42:25,130 - \u2705 Unsteady flow file updated successfully.
2025-04-15 00:42:25,130 - Stage Hydrograph= 12
2025-04-15 00:42:25,130 - Formatted Values:
  130       131       131       130       130       130       130       130       130       130
  130       130
2025-04-15 00:44:00,638 - HEC-RAS Controller initialized.
2025-04-15 00:44:01,188 - Project 'D:\FLOWS\New folder\FLOWS-Website\hecras\flow.prj' opened.
2025-04-15 00:44:01,190 - \u2705 Unsteady flow file updated successfully.
2025-04-15 00:44:01,190 - Stage Hydrograph= 12
2025-04-15 00:44:01,190 - Formatted Values:
  130       131       131       130       130       130       130       130       130       130
  130       130
2025-04-15 00:47:20,605 - HEC-RAS Controller initialized.
2025-04-15 00:47:21,160 - Project 'D:\FLOWS\New folder\FLOWS-Website\hecras\flow.prj' opened.
2025-04-15 00:47:21,161 - \u2705 Unsteady flow file updated successfully.
2025-04-15 00:47:21,162 - Stage Hydrograph= 12
2025-04-15 00:47:21,162 - Formatted Values:
  130       131       131       130       130       130       130       130       130       130
  130       130
2025-04-15 00:50:50,073 - HEC-RAS Controller initialized.
2025-04-15 00:50:50,630 - Project 'D:\FLOWS\New folder\FLOWS-Website\hecras\flow.prj' opened.
2025-04-15 00:50:50,631 - \u2705 Unsteady flow file updated successfully.
2025-04-15 00:50:50,632 - Stage Hydrograph= 12
2025-04-15 00:50:50,632 - Formatted Values:
       130       131       131       130       130       130       130       130       130       130
       130       130

2025-04-15 00:54:12,210 - HEC-RAS Controller initialized.
2025-04-15 00:54:12,774 - Project 'D:\FLOWS\New folder\FLOWS-Website\hecras\flow.prj' opened.
2025-04-15 00:54:12,776 - \u2705 Unsteady flow file updated successfully.
2025-04-15 00:54:12,776 - Stage Hydrograph= 12
2025-04-15 00:54:12,776 - Formatted Values:
     130     131     131     130     130     130     130     130     130     130
     130     130

2025-04-15 00:56:08,274 - HEC-RAS Controller initialized.
2025-04-15 00:56:08,838 - Project 'D:\FLOWS\New folder\FLOWS-Website\hecras\flow.prj' opened.
2025-04-15 00:56:08,840 - \u2705 Unsteady flow file updated successfully.
2025-04-15 00:56:08,840 - Stage Hydrograph= 12
2025-04-15 00:56:08,840 - Formatted Values:
     125     126     126     125     125     125     125     125     125     125
     125     125

2025-04-15 00:58:18,225 - HEC-RAS Controller initialized.
2025-04-15 00:58:18,787 - Project 'D:\FLOWS\New folder\FLOWS-Website\hecras\flow.prj' opened.
2025-04-15 00:58:18,789 - \u2705 Unsteady flow file updated successfully.
2025-04-15 00:58:18,790 - Stage Hydrograph= 12
2025-04-15 00:58:18,790 - Formatted Values:
     125     126     126     125     125     125     125     125     125     125
     125     125

2025-04-15 01:00:10,831 - HEC-RAS Controller initialized.
2025-04-15 01:00:11,389 - Project 'D:\FLOWS\New folder\FLOWS-Website\hecras\flow.prj' opened.
2025-04-15 01:00:11,391 - \u2705 Unsteady flow file updated successfully.
2025-04-15 01:00:11,391 - Stage Hydrograph= 12
2025-04-15 01:00:11,391 - Formatted Values:
     123     124     124     123     123     123     123     123     123     123
     123     123

2025-04-15 01:01:50,186 - HEC-RAS Controller initialized.
2025-04-15 01:01:50,746 - Project 'D:\FLOWS\New folder\FLOWS-Website\hecras\flow.prj' opened.
2025-04-15 01:01:50,748 - \u2705 Unsteady flow file updated successfully.
2025-04-15 01:01:50,748 - Stage Hydrograph= 12
2025-04-15 01:01:50,748 - Formatted Values:
     123     124     124     123     123     123     123     123     123     123
     123     123

