2025-04-15 01:12:46,595 - Error: name 'PROJECT_FILE' is not defined
2025-04-15 01:12:46,596 - HEC-RAS closed successfully.
2025-04-15 01:15:06,533 - HEC-RAS Controller initialized.
2025-04-15 01:15:09,082 - Error: name 'os' is not defined
2025-04-15 01:15:09,161 - HEC-RAS closed successfully.
2025-04-15 01:17:08,109 - HEC-RAS Controller initialized.
2025-04-15 01:17:08,677 - Error: name 'project_file' is not defined
2025-04-15 01:17:08,758 - HEC-RAS closed successfully.
2025-04-15 01:18:32,742 - HEC-RAS Controller initialized.
2025-04-15 02:19:01,631 - HEC-RAS Controller initialized.
2025-04-15 02:20:42,315 - HEC-RAS Controller initialized.
2025-04-15 02:21:07,771 - Error: 
2025-04-15 02:21:07,849 - HEC-RAS closed successfully.
2025-04-15 02:30:43,092 - HEC-RAS Controller initialized.
2025-04-15 02:31:08,565 - Error: 
2025-04-15 02:31:08,864 - HEC-RAS closed successfully.
2025-04-15 02:36:12,584 - HEC-RAS Controller initialized.
2025-04-15 02:36:27,778 - Error: 
2025-04-15 02:36:28,125 - HEC-RAS closed successfully.
2025-04-15 02:37:34,497 - HEC-RAS Controller initialized.
2025-04-15 02:37:59,875 - Error: 
2025-04-15 02:37:59,876 - HEC-RAS closed successfully.
