2025-04-15 01:56:56,997 - \u2705 Unsteady flow file updated.
2025-04-15 01:56:56,997 - Formatted values:
     125     126     126     125     125     125     125     125     125     125
     125     125

2025-04-15 01:57:20,188 - \u2705 HEC-RAS simulation completed.
2025-04-15 01:57:28,541 - \u274c ERROR: 
2025-04-15 01:59:05,524 - \u2705 Unsteady flow file updated.
2025-04-15 01:59:05,524 - Formatted values:
     125     126     126     125     125     125     125     125     125     125
     125     125

2025-04-15 01:59:08,482 - \u2705 HEC-RAS simulation completed.
2025-04-15 02:00:34,360 - \u2705 Flood maps generated via RAS Mapper.
2025-04-15 02:00:34,428 - GDAL signalled an error: err_no=1, msg='TIFFSetField:D:\\FLOWS\\New folder\\FLOWS-Website\\model\\converted_8bit\\tif_0.tif: Cannot modify tag "PhotometricInterpretation" while writing'
2025-04-15 02:00:34,448 - GDAL signalled an error: err_no=1, msg='TIFFSetField:D:\\FLOWS\\New folder\\FLOWS-Website\\model\\converted_8bit\\tif_1.tif: Cannot modify tag "PhotometricInterpretation" while writing'
2025-04-15 02:00:34,467 - GDAL signalled an error: err_no=1, msg='TIFFSetField:D:\\FLOWS\\New folder\\FLOWS-Website\\model\\converted_8bit\\tif_2.tif: Cannot modify tag "PhotometricInterpretation" while writing'
2025-04-15 02:00:34,486 - GDAL signalled an error: err_no=1, msg='TIFFSetField:D:\\FLOWS\\New folder\\FLOWS-Website\\model\\converted_8bit\\tif_3.tif: Cannot modify tag "PhotometricInterpretation" while writing'
2025-04-15 02:00:34,505 - GDAL signalled an error: err_no=1, msg='TIFFSetField:D:\\FLOWS\\New folder\\FLOWS-Website\\model\\converted_8bit\\tif_4.tif: Cannot modify tag "PhotometricInterpretation" while writing'
2025-04-15 02:00:34,525 - GDAL signalled an error: err_no=1, msg='TIFFSetField:D:\\FLOWS\\New folder\\FLOWS-Website\\model\\converted_8bit\\tif_5.tif: Cannot modify tag "PhotometricInterpretation" while writing'
2025-04-15 02:00:34,545 - GDAL signalled an error: err_no=1, msg='TIFFSetField:D:\\FLOWS\\New folder\\FLOWS-Website\\model\\converted_8bit\\tif_6.tif: Cannot modify tag "PhotometricInterpretation" while writing'
2025-04-15 02:00:34,567 - GDAL signalled an error: err_no=1, msg='TIFFSetField:D:\\FLOWS\\New folder\\FLOWS-Website\\model\\converted_8bit\\tif_7.tif: Cannot modify tag "PhotometricInterpretation" while writing'
2025-04-15 02:00:34,592 - GDAL signalled an error: err_no=1, msg='TIFFSetField:D:\\FLOWS\\New folder\\FLOWS-Website\\model\\converted_8bit\\tif_8.tif: Cannot modify tag "PhotometricInterpretation" while writing'
2025-04-15 02:00:34,613 - GDAL signalled an error: err_no=1, msg='TIFFSetField:D:\\FLOWS\\New folder\\FLOWS-Website\\model\\converted_8bit\\tif_9.tif: Cannot modify tag "PhotometricInterpretation" while writing'
2025-04-15 02:00:34,633 - GDAL signalled an error: err_no=1, msg='TIFFSetField:D:\\FLOWS\\New folder\\FLOWS-Website\\model\\converted_8bit\\tif_10.tif: Cannot modify tag "PhotometricInterpretation" while writing'
2025-04-15 02:00:34,654 - GDAL signalled an error: err_no=1, msg='TIFFSetField:D:\\FLOWS\\New folder\\FLOWS-Website\\model\\converted_8bit\\tif_11.tif: Cannot modify tag "PhotometricInterpretation" while writing'
2025-04-15 02:00:34,682 - GDAL signalled an error: err_no=1, msg='TIFFSetField:D:\\FLOWS\\New folder\\FLOWS-Website\\model\\converted_8bit\\tif_12.tif: Cannot modify tag "PhotometricInterpretation" while writing'
2025-04-15 02:00:34,702 - GDAL signalled an error: err_no=1, msg='TIFFSetField:D:\\FLOWS\\New folder\\FLOWS-Website\\model\\converted_8bit\\tif_13.tif: Cannot modify tag "PhotometricInterpretation" while writing'
2025-04-15 02:00:34,723 - GDAL signalled an error: err_no=1, msg='TIFFSetField:D:\\FLOWS\\New folder\\FLOWS-Website\\model\\converted_8bit\\tif_14.tif: Cannot modify tag "PhotometricInterpretation" while writing'
2025-04-15 02:00:34,743 - GDAL signalled an error: err_no=1, msg='TIFFSetField:D:\\FLOWS\\New folder\\FLOWS-Website\\model\\converted_8bit\\tif_15.tif: Cannot modify tag "PhotometricInterpretation" while writing'
2025-04-15 02:00:34,765 - GDAL signalled an error: err_no=1, msg='TIFFSetField:D:\\FLOWS\\New folder\\FLOWS-Website\\model\\converted_8bit\\tif_16.tif: Cannot modify tag "PhotometricInterpretation" while writing'
2025-04-15 02:00:34,786 - GDAL signalled an error: err_no=1, msg='TIFFSetField:D:\\FLOWS\\New folder\\FLOWS-Website\\model\\converted_8bit\\tif_17.tif: Cannot modify tag "PhotometricInterpretation" while writing'
2025-04-15 02:07:53,175 - \u2705 Unsteady flow file updated.
2025-04-15 02:07:53,175 - Formatted values:
     125     126     126     125     125     125     125     125     125     125
     125     125

2025-04-15 02:07:56,203 - \u2705 HEC-RAS simulation completed.
2025-04-15 02:09:11,679 - \u274c ERROR: 
2025-04-15 02:12:54,993 - \u2705 Unsteady flow file updated.
2025-04-15 02:12:54,993 - Formatted values:
     125     126     126     125     125     125     125     125     125     125
     125     125

2025-04-15 02:12:58,050 - \u2705 HEC-RAS simulation completed.
2025-04-15 02:14:13,674 - 'Depth' button not found in either region.
2025-04-15 02:14:23,933 - \u2705 Flood maps generated via RAS Mapper.
2025-04-15 02:14:23,991 - GDAL signalled an error: err_no=1, msg='TIFFSetField:D:\\FLOWS\\New folder\\FLOWS-Website\\model\\converted_8bit\\tif_0.tif: Cannot modify tag "PhotometricInterpretation" while writing'
2025-04-15 02:14:24,011 - GDAL signalled an error: err_no=1, msg='TIFFSetField:D:\\FLOWS\\New folder\\FLOWS-Website\\model\\converted_8bit\\tif_1.tif: Cannot modify tag "PhotometricInterpretation" while writing'
2025-04-15 02:14:24,029 - GDAL signalled an error: err_no=1, msg='TIFFSetField:D:\\FLOWS\\New folder\\FLOWS-Website\\model\\converted_8bit\\tif_2.tif: Cannot modify tag "PhotometricInterpretation" while writing'
2025-04-15 02:14:24,048 - GDAL signalled an error: err_no=1, msg='TIFFSetField:D:\\FLOWS\\New folder\\FLOWS-Website\\model\\converted_8bit\\tif_3.tif: Cannot modify tag "PhotometricInterpretation" while writing'
2025-04-15 02:14:24,070 - GDAL signalled an error: err_no=1, msg='TIFFSetField:D:\\FLOWS\\New folder\\FLOWS-Website\\model\\converted_8bit\\tif_4.tif: Cannot modify tag "PhotometricInterpretation" while writing'
2025-04-15 02:14:24,089 - GDAL signalled an error: err_no=1, msg='TIFFSetField:D:\\FLOWS\\New folder\\FLOWS-Website\\model\\converted_8bit\\tif_5.tif: Cannot modify tag "PhotometricInterpretation" while writing'
2025-04-15 02:14:24,107 - GDAL signalled an error: err_no=1, msg='TIFFSetField:D:\\FLOWS\\New folder\\FLOWS-Website\\model\\converted_8bit\\tif_6.tif: Cannot modify tag "PhotometricInterpretation" while writing'
2025-04-15 02:14:24,132 - GDAL signalled an error: err_no=1, msg='TIFFSetField:D:\\FLOWS\\New folder\\FLOWS-Website\\model\\converted_8bit\\tif_7.tif: Cannot modify tag "PhotometricInterpretation" while writing'
2025-04-15 02:14:24,149 - GDAL signalled an error: err_no=1, msg='TIFFSetField:D:\\FLOWS\\New folder\\FLOWS-Website\\model\\converted_8bit\\tif_8.tif: Cannot modify tag "PhotometricInterpretation" while writing'
2025-04-15 02:14:24,167 - GDAL signalled an error: err_no=1, msg='TIFFSetField:D:\\FLOWS\\New folder\\FLOWS-Website\\model\\converted_8bit\\tif_9.tif: Cannot modify tag "PhotometricInterpretation" while writing'
2025-04-15 02:14:24,185 - GDAL signalled an error: err_no=1, msg='TIFFSetField:D:\\FLOWS\\New folder\\FLOWS-Website\\model\\converted_8bit\\tif_10.tif: Cannot modify tag "PhotometricInterpretation" while writing'
2025-04-15 02:14:24,204 - GDAL signalled an error: err_no=1, msg='TIFFSetField:D:\\FLOWS\\New folder\\FLOWS-Website\\model\\converted_8bit\\tif_11.tif: Cannot modify tag "PhotometricInterpretation" while writing'
2025-04-15 02:14:24,222 - GDAL signalled an error: err_no=1, msg='TIFFSetField:D:\\FLOWS\\New folder\\FLOWS-Website\\model\\converted_8bit\\tif_12.tif: Cannot modify tag "PhotometricInterpretation" while writing'
2025-04-15 02:14:24,240 - GDAL signalled an error: err_no=1, msg='TIFFSetField:D:\\FLOWS\\New folder\\FLOWS-Website\\model\\converted_8bit\\tif_13.tif: Cannot modify tag "PhotometricInterpretation" while writing'
2025-04-15 02:14:24,258 - GDAL signalled an error: err_no=1, msg='TIFFSetField:D:\\FLOWS\\New folder\\FLOWS-Website\\model\\converted_8bit\\tif_14.tif: Cannot modify tag "PhotometricInterpretation" while writing'
2025-04-15 02:14:24,277 - GDAL signalled an error: err_no=1, msg='TIFFSetField:D:\\FLOWS\\New folder\\FLOWS-Website\\model\\converted_8bit\\tif_15.tif: Cannot modify tag "PhotometricInterpretation" while writing'
2025-04-15 02:14:24,294 - GDAL signalled an error: err_no=1, msg='TIFFSetField:D:\\FLOWS\\New folder\\FLOWS-Website\\model\\converted_8bit\\tif_16.tif: Cannot modify tag "PhotometricInterpretation" while writing'
2025-04-15 02:14:24,311 - GDAL signalled an error: err_no=1, msg='TIFFSetField:D:\\FLOWS\\New folder\\FLOWS-Website\\model\\converted_8bit\\tif_17.tif: Cannot modify tag "PhotometricInterpretation" while writing'
