2025-04-04 15:39:44,391 - HEC-RAS Controller initialized.
2025-04-04 15:39:44,392 - FLOW Project Loaded In.
2025-04-04 15:39:44,989 - Project 'C:\Yna\Thesis\FLOWS\hecras\flow.prj' opened.
2025-04-04 15:40:21,246 - HEC-RAS Controller initialized.
2025-04-04 15:40:21,246 - FLOW Project Loaded In.
2025-04-04 15:40:21,592 - Project 'C:\Yna\Thesis\FLOWS\hecras\flow.prj' opened.
2025-04-04 15:45:18,151 - HEC-RAS Controller initialized.
2025-04-04 15:45:18,151 - FLOW Project Loaded In.
2025-04-04 15:45:18,514 - Project 'C:\Yna\Thesis\FLOWS\hecras\flow.prj' opened.
2025-04-04 15:45:18,514 - Error: PyAutoGUI was unable to import pyscreeze. (This is likely because you're running a version of Python that Pillow (which pyscreeze depends on) doesn't support currently.) Please install this module to enable the function you tried to call.
2025-04-04 15:45:18,532 - HEC-RAS closed successfully.
2025-04-04 15:46:16,718 - HEC-RAS Controller initialized.
2025-04-04 15:46:16,718 - FLOW Project Loaded In.
2025-04-04 15:46:17,071 - Project 'C:\Yna\Thesis\FLOWS\hecras\flow.prj' opened.
2025-04-04 15:47:51,725 - HEC-RAS Controller initialized.
2025-04-04 15:47:51,725 - FLOW Project Loaded In.
2025-04-04 15:47:52,076 - Project 'C:\Yna\Thesis\FLOWS\hecras\flow.prj' opened.
2025-04-04 15:48:56,293 - HEC-RAS Controller initialized.
2025-04-04 15:48:56,293 - FLOW Project Loaded In.
2025-04-04 15:48:56,648 - Project 'C:\Yna\Thesis\FLOWS\hecras\flow.prj' opened.
2025-04-04 15:49:42,897 - HEC-RAS Controller initialized.
2025-04-04 15:49:42,897 - FLOW Project Loaded In.
2025-04-04 15:49:43,245 - Project 'C:\Yna\Thesis\FLOWS\hecras\flow.prj' opened.
2025-04-04 15:50:58,614 - HEC-RAS Controller initialized.
2025-04-04 15:50:58,614 - FLOW Project Loaded In.
2025-04-04 15:50:58,974 - Project 'C:\Yna\Thesis\FLOWS\hecras\flow.prj' opened.
2025-04-04 15:50:59,264 - Error: 
2025-04-04 15:50:59,283 - HEC-RAS closed successfully.
2025-04-04 15:51:27,046 - HEC-RAS Controller initialized.
2025-04-04 15:51:27,046 - FLOW Project Loaded In.
2025-04-04 15:51:27,400 - Project 'C:\Yna\Thesis\FLOWS\hecras\flow.prj' opened.
2025-04-04 15:51:27,717 - Error: 
2025-04-04 15:51:27,738 - HEC-RAS closed successfully.
2025-04-04 15:51:34,563 - HEC-RAS Controller initialized.
2025-04-04 15:51:34,563 - FLOW Project Loaded In.
2025-04-04 15:51:34,929 - Project 'C:\Yna\Thesis\FLOWS\hecras\flow.prj' opened.
2025-04-04 15:54:57,479 - HEC-RAS Controller initialized.
2025-04-04 15:54:57,479 - FLOW Project Loaded In.
2025-04-04 15:54:57,829 - Project 'C:\Yna\Thesis\FLOWS\hecras\flow.prj' opened.
2025-04-04 15:58:25,938 - HEC-RAS Controller initialized.
2025-04-04 15:58:25,938 - FLOW Project Loaded In.
2025-04-04 15:58:26,286 - Project 'C:\Yna\Thesis\FLOWS\hecras\flow.prj' opened.
2025-04-04 15:58:26,890 - Error: 
2025-04-04 15:58:27,421 - HEC-RAS closed successfully.
2025-04-04 15:58:55,190 - HEC-RAS Controller initialized.
2025-04-04 15:58:55,190 - FLOW Project Loaded In.
2025-04-04 15:58:55,533 - Project 'C:\Yna\Thesis\FLOWS\hecras\flow.prj' opened.
2025-04-04 15:58:56,144 - Error: 
2025-04-04 15:58:56,874 - HEC-RAS closed successfully.
2025-04-04 16:00:06,654 - HEC-RAS Controller initialized.
2025-04-04 16:00:06,655 - FLOW Project Loaded In.
2025-04-04 16:00:07,014 - Project 'C:\Yna\Thesis\FLOWS\hecras\flow.prj' opened.
2025-04-04 16:00:07,617 - Error: 
2025-04-04 16:00:08,288 - HEC-RAS closed successfully.
2025-04-04 16:02:57,609 - HEC-RAS Controller initialized.
2025-04-04 16:02:57,609 - FLOW Project Loaded In.
2025-04-04 16:02:57,968 - Project 'C:\Yna\Thesis\FLOWS\hecras\flow.prj' opened.
2025-04-04 16:02:58,569 - Error: 
2025-04-04 16:02:59,261 - HEC-RAS closed successfully.
2025-04-04 16:03:19,065 - HEC-RAS Controller initialized.
2025-04-04 16:03:19,065 - FLOW Project Loaded In.
2025-04-04 16:03:19,411 - Project 'C:\Yna\Thesis\FLOWS\hecras\flow.prj' opened.
2025-04-04 16:03:19,700 - Error: 
2025-04-04 16:03:19,700 - HEC-RAS closed successfully.
2025-04-04 16:03:43,847 - HEC-RAS Controller initialized.
2025-04-04 16:03:43,848 - FLOW Project Loaded In.
2025-04-04 16:03:44,213 - Project 'C:\Yna\Thesis\FLOWS\hecras\flow.prj' opened.
2025-04-04 16:03:44,509 - Error: 
2025-04-04 16:03:44,509 - HEC-RAS closed successfully.
2025-04-04 16:04:00,894 - HEC-RAS Controller initialized.
2025-04-04 16:04:00,894 - FLOW Project Loaded In.
2025-04-04 16:04:01,256 - Project 'C:\Yna\Thesis\FLOWS\hecras\flow.prj' opened.
2025-04-04 16:04:31,830 - HEC-RAS Controller initialized.
2025-04-04 16:04:31,830 - FLOW Project Loaded In.
2025-04-04 16:04:32,193 - Project 'C:\Yna\Thesis\FLOWS\hecras\flow.prj' opened.
2025-04-04 16:06:11,081 - HEC-RAS Controller initialized.
2025-04-04 16:06:11,081 - FLOW Project Loaded In.
2025-04-04 16:06:11,466 - Project 'C:\Yna\Thesis\FLOWS\hecras\flow.prj' opened.
2025-04-04 16:11:05,785 - HEC-RAS Controller initialized.
2025-04-04 16:11:05,785 - FLOW Project Loaded In.
2025-04-04 16:11:06,141 - Project 'C:\Yna\Thesis\FLOWS\hecras\flow.prj' opened.
2025-04-04 16:11:12,815 - Error: module 'pyautogui' has no attribute 'Click'
2025-04-04 16:11:12,815 - HEC-RAS closed successfully.
2025-04-04 16:11:28,563 - HEC-RAS Controller initialized.
2025-04-04 16:11:28,563 - FLOW Project Loaded In.
2025-04-04 16:11:28,916 - Project 'C:\Yna\Thesis\FLOWS\hecras\flow.prj' opened.
2025-04-04 16:12:32,380 - HEC-RAS Controller initialized.
2025-04-04 16:12:32,380 - FLOW Project Loaded In.
2025-04-04 16:12:32,736 - Project 'C:\Yna\Thesis\FLOWS\hecras\flow.prj' opened.
2025-04-04 16:18:23,460 - HEC-RAS Controller initialized.
2025-04-04 16:18:23,460 - FLOW Project Loaded In.
2025-04-04 16:18:23,817 - Project 'C:\Yna\Thesis\FLOWS\hecras\flow.prj' opened.
2025-04-04 16:19:11,996 - HEC-RAS Controller initialized.
2025-04-04 16:19:11,996 - FLOW Project Loaded In.
2025-04-04 16:19:12,347 - Project 'C:\Yna\Thesis\FLOWS\hecras\flow.prj' opened.
2025-04-04 16:19:15,493 - Error: 
2025-04-04 16:19:15,493 - HEC-RAS closed successfully.
2025-04-04 16:19:40,710 - HEC-RAS Controller initialized.
2025-04-04 16:19:40,711 - FLOW Project Loaded In.
2025-04-04 16:19:41,071 - Project 'C:\Yna\Thesis\FLOWS\hecras\flow.prj' opened.
2025-04-04 16:20:15,421 - HEC-RAS Controller initialized.
2025-04-04 16:20:15,421 - FLOW Project Loaded In.
2025-04-04 16:20:15,775 - Project 'C:\Yna\Thesis\FLOWS\hecras\flow.prj' opened.
2025-04-04 16:20:53,426 - HEC-RAS Controller initialized.
2025-04-04 16:20:53,426 - FLOW Project Loaded In.
2025-04-04 16:20:53,785 - Project 'C:\Yna\Thesis\FLOWS\hecras\flow.prj' opened.
2025-04-04 16:21:46,244 - HEC-RAS Controller initialized.
2025-04-04 16:21:46,244 - FLOW Project Loaded In.
2025-04-04 16:21:46,595 - Project 'C:\Yna\Thesis\FLOWS\hecras\flow.prj' opened.
2025-04-04 16:22:37,842 - HEC-RAS Controller initialized.
2025-04-04 16:22:37,842 - FLOW Project Loaded In.
2025-04-04 16:22:38,207 - Project 'C:\Yna\Thesis\FLOWS\hecras\flow.prj' opened.
2025-04-04 16:23:45,645 - HEC-RAS Controller initialized.
2025-04-04 16:23:45,645 - FLOW Project Loaded In.
2025-04-04 16:23:46,008 - Project 'C:\Yna\Thesis\FLOWS\hecras\flow.prj' opened.
2025-04-04 16:24:00,748 - Error: 
2025-04-04 16:24:00,748 - HEC-RAS closed successfully.
2025-04-04 16:26:40,782 - HEC-RAS Controller initialized.
2025-04-04 16:26:40,782 - FLOW Project Loaded In.
2025-04-04 16:26:41,131 - Project 'C:\Yna\Thesis\FLOWS\hecras\flow.prj' opened.
2025-04-04 16:26:41,414 - Error: 
2025-04-04 16:26:41,414 - HEC-RAS closed successfully.
2025-04-04 16:27:01,750 - HEC-RAS Controller initialized.
2025-04-04 16:27:01,750 - FLOW Project Loaded In.
2025-04-04 16:27:02,098 - Project 'C:\Yna\Thesis\FLOWS\hecras\flow.prj' opened.
2025-04-04 16:27:16,803 - Error: 
2025-04-04 16:27:16,803 - HEC-RAS closed successfully.
2025-04-04 16:28:36,826 - HEC-RAS Controller initialized.
2025-04-04 16:28:36,826 - FLOW Project Loaded In.
2025-04-04 16:28:37,189 - Project 'C:\Yna\Thesis\FLOWS\hecras\flow.prj' opened.
2025-04-04 16:28:51,599 - Error: 
2025-04-04 16:28:51,599 - HEC-RAS closed successfully.
2025-04-04 16:29:18,608 - HEC-RAS Controller initialized.
2025-04-04 16:29:18,608 - FLOW Project Loaded In.
2025-04-04 16:29:18,957 - Project 'C:\Yna\Thesis\FLOWS\hecras\flow.prj' opened.
2025-04-04 16:29:33,361 - Error: 
2025-04-04 16:29:33,361 - HEC-RAS closed successfully.
2025-04-04 16:30:04,264 - HEC-RAS Controller initialized.
2025-04-04 16:30:04,264 - FLOW Project Loaded In.
2025-04-04 16:30:04,621 - Project 'C:\Yna\Thesis\FLOWS\hecras\flow.prj' opened.
2025-04-04 16:30:23,028 - Error: 
2025-04-04 16:30:23,028 - HEC-RAS closed successfully.
2025-04-04 16:32:06,398 - HEC-RAS Controller initialized.
2025-04-04 16:32:06,398 - FLOW Project Loaded In.
2025-04-04 16:32:06,808 - Project 'C:\Yna\Thesis\FLOWS\hecras\flow.prj' opened.
2025-04-04 16:33:25,453 - HEC-RAS Controller initialized.
2025-04-04 16:33:25,453 - FLOW Project Loaded In.
2025-04-04 16:33:25,832 - Project 'C:\Yna\Thesis\FLOWS\hecras\flow.prj' opened.
2025-04-04 22:47:04,220 - HEC-RAS Controller initialized.
2025-04-04 22:47:04,221 - FLOW Project Loaded In.
2025-04-04 22:47:04,960 - Project 'C:\Yna\Thesis\FLOWS\hecras\flow.prj' opened.
2025-04-04 22:47:07,595 - Error: 
2025-04-04 22:47:07,644 - HEC-RAS closed successfully.
2025-04-04 22:47:33,205 - HEC-RAS Controller initialized.
2025-04-04 22:47:33,205 - FLOW Project Loaded In.
2025-04-04 22:47:33,557 - Project 'C:\Yna\Thesis\FLOWS\hecras\flow.prj' opened.
2025-04-04 22:47:33,843 - Error: 
2025-04-04 22:47:33,859 - HEC-RAS closed successfully.
2025-04-04 22:49:03,601 - HEC-RAS Controller initialized.
2025-04-04 22:49:03,601 - FLOW Project Loaded In.
2025-04-04 22:49:03,965 - Project 'C:\Yna\Thesis\FLOWS\hecras\flow.prj' opened.
2025-04-04 22:49:08,004 - Error: 
2025-04-04 22:49:08,381 - HEC-RAS closed successfully.
2025-04-04 22:49:28,856 - HEC-RAS Controller initialized.
2025-04-04 22:49:28,856 - FLOW Project Loaded In.
2025-04-04 22:49:29,207 - Project 'C:\Yna\Thesis\FLOWS\hecras\flow.prj' opened.
2025-04-04 22:50:07,429 - HEC-RAS Controller initialized.
2025-04-04 22:50:07,429 - FLOW Project Loaded In.
2025-04-04 22:50:07,798 - Project 'C:\Yna\Thesis\FLOWS\hecras\flow.prj' opened.
2025-04-04 22:50:11,924 - Error: 
2025-04-04 22:50:12,230 - HEC-RAS closed successfully.
2025-04-04 22:50:47,270 - HEC-RAS Controller initialized.
2025-04-04 22:50:47,270 - FLOW Project Loaded In.
2025-04-04 22:50:47,629 - Project 'C:\Yna\Thesis\FLOWS\hecras\flow.prj' opened.
2025-04-04 22:52:56,659 - HEC-RAS Controller initialized.
2025-04-04 22:52:56,659 - FLOW Project Loaded In.
2025-04-04 22:52:57,010 - Project 'C:\Yna\Thesis\FLOWS\hecras\flow.prj' opened.
